<?xml version="1.0" encoding="UTF-8"?>
<!-- Generated by org.testng.reporters.JUnitReportReporter -->
<testsuite hostname="DESKTOP-KD1O7U0" failures="0" tests="1" name="Maven.Maven.JavaSE_test" time="54.702" errors="0" timestamp="2021-04-08T11:30:32 IST" skipped="0">
  <testcase classname="Maven.Maven.JavaSE_test" name="Login" time="54.702"/>
  <system-out/>
</testsuite> <!-- Maven.Maven.JavaSE_test -->
