<?xml version="1.0" encoding="UTF-8"?>
<!-- Generated by org.testng.reporters.JUnitReportReporter -->
<testsuite hostname="DESKTOP-KD1O7U0" failures="0" tests="1" name="Amazon.Logindetails_demo" time="0.000" errors="0" timestamp="2021-03-17T10:14:08 IST" skipped="1">
  <testcase classname="Amazon.Logindetails_demo" name="demoClass" time="0.000">
    <skipped/>
  </testcase> <!-- demoClass -->
  <system-out/>
</testsuite> <!-- Amazon.Logindetails_demo -->
