<?xml version="1.0" encoding="UTF-8"?>
<!-- Generated by org.testng.reporters.JUnitReportReporter -->
<testsuite hostname="DESKTOP-KD1O7U0" failures="0" tests="1" name="Maven.Maven.Test_Annotation" time="4.315" errors="0" timestamp="2021-03-09T18:36:48 IST" skipped="0">
  <testcase classname="Maven.Maven.Test_Annotation" name="verifyHomepageTitle" time="4.315"/>
  <system-out/>
</testsuite> <!-- Maven.Maven.Test_Annotation -->
