<?xml version="1.0" encoding="UTF-8"?>
<!-- Generated by org.testng.reporters.JUnitReportReporter -->
<testsuite hostname="DESKTOP-KD1O7U0" failures="0" tests="5" name="Maven.Maven.GroupExample_Skip" time="0.039" errors="0" timestamp="2021-03-29T16:21:38 IST" skipped="1">
  <testcase classname="Maven.Maven.GroupExample_Skip" name="Branch4" time="0.002"/>
  <system-out/>
  <testcase classname="Maven.Maven.GroupExample_Skip" name="Branch5" time="0.001"/>
  <system-out/>
  <testcase classname="Maven.Maven.GroupExample_Skip" name="Branch1" time="0.032"/>
  <system-out/>
  <testcase classname="Maven.Maven.GroupExample_Skip" name="Branch3" time="0.004"/>
  <system-out/>
  <testcase classname="Maven.Maven.GroupExample_Skip" name="Branch2">
    <skipped/>
  </testcase> <!-- Branch2 -->
  <system-out/>
</testsuite> <!-- Maven.Maven.GroupExample_Skip -->
